<?xml version="1.0" encoding="UTF-8"?>
<Site BuildName="(empty)"
	BuildStamp="20200717-0157-Experimental"
	Name="(empty)"
	Generator="ctest-3.10.2"
	CompilerName=""
	CompilerVersion=""
	OSName="Linux"
	Hostname="MSI"
	OSRelease="4.4.0-18362-Microsoft"
	OSVersion="#836-Microsoft Mon May 05 16:04:00 PST 2020"
	OSPlatform="x86_64"
	Is64Bits="1"
	VendorString="GenuineIntel"
	VendorID="Intel Corporation"
	FamilyID="6"
	ModelID="94"
	ProcessorCacheSize="256"
	NumberOfLogicalCPU="8"
	NumberOfPhysicalCPU="4"
	TotalVirtualMemory="30349"
	TotalPhysicalMemory="24448"
	LogicalProcessorsPerPhysical="2"
	ProcessorClockFrequency="2601"
	>
	<Testing>
		<StartDateTime>Jul 17 04:00 CEST</StartDateTime>
		<StartTestTime>1594951212</StartTestTime>
		<TestList>
			<Test>./simple_run</Test>
			<Test>./no_config</Test>
			<Test>./bad_param</Test>
			<Test>./unparsable</Test>
		</TestList>
		<Test Status="passed">
			<Name>simple_run</Name>
			<Path>.</Path>
			<FullName>./simple_run</FullName>
			<FullCommandLine>/mnt/c/Users/Roussel/Dropbox/Unistra/SEMESTRE\ 2/Projet\ &amp;\ Stage/Inverse/REPO_2D/build/transfer "../src/config/test_1.cfg"</FullCommandLine>
			<Results>
				<NamedMeasurement type="numeric/double" name="Execution Time">
					<Value>0.0959589</Value>
				</NamedMeasurement>
				<NamedMeasurement type="numeric/double" name="Processors">
					<Value>1</Value>
				</NamedMeasurement>
				<NamedMeasurement type="text/string" name="Completion Status">
					<Value>Completed</Value>
				</NamedMeasurement>
				<NamedMeasurement type="text/string" name="Command Line">
					<Value>/mnt/c/Users/Roussel/Dropbox/Unistra/SEMESTRE\ 2/Projet\ &amp;\ Stage/Inverse/REPO_2D/build/transfer "../src/config/test_1.cfg"</Value>
				</NamedMeasurement>
				<Measurement>
					<Value encoding="base64" compression="gzip">eJyVU8tugzAQvPsrtqdAJQhESaVWyikll76kNudaFjitJTCpHxV8Ur+jP9aFugkBX8ppZ3Zm1itssnYfZB+WGVFLKCwYxaTecwWKFQLZPXAJi1v4ExNyz3NjFYeCa1gmcGCKVdwoRKjMa6s0xHEMBACiCBpaCQk3kJwwaxCnDrejfjvqP3b1XzMfNNig3tDPIdred4Hx9bUjDornQncLoohHV442NBkMNnTfu5Jk5Rj1XiOTW23qylFavFWMdqOxebk7Y/MRm/XxvDkEURA0URKvwtdFOA8WlwFOWWEdhk66pQltBmfpcDvAuz4qPQZbRJLbikl5dNg+Ycq2E3bn8We08LgLb2bhzZz6M1p63KU3s/RmTv0ZVR638mYqb+bUj7+oVgbpghk2L/ZUi8rGuf48XvWnO7ggZKO4eyZ419PlEiomyhLr4AHWeEnD0QM46n/tz1zXpe2JIAVhuOq7+tw2lP36sv54p8n40myJ+Py9OZnzvIg3yWwD+oC+ruAGDK9QwUvtFv7+0rix1DAb7z0jZP3Pj5AfPags4w==</Value>
				</Measurement>
			</Results>
		</Test>
		<Test Status="passed">
			<Name>no_config</Name>
			<Path>.</Path>
			<FullName>./no_config</FullName>
			<FullCommandLine>/mnt/c/Users/Roussel/Dropbox/Unistra/SEMESTRE\ 2/Projet\ &amp;\ Stage/Inverse/REPO_2D/build/transfer</FullCommandLine>
			<Results>
				<NamedMeasurement type="text/string" name="Exit Code">
					<Value>Completed</Value>
				</NamedMeasurement>
				<NamedMeasurement type="text/string" name="Exit Value">
					<Value>1</Value>
				</NamedMeasurement>
				<NamedMeasurement type="numeric/double" name="Execution Time">
					<Value>0.0828562</Value>
				</NamedMeasurement>
				<NamedMeasurement type="numeric/double" name="Processors">
					<Value>1</Value>
				</NamedMeasurement>
				<NamedMeasurement type="text/string" name="Completion Status">
					<Value>Completed</Value>
				</NamedMeasurement>
				<NamedMeasurement type="text/string" name="Command Line">
					<Value>/mnt/c/Users/Roussel/Dropbox/Unistra/SEMESTRE\ 2/Projet\ &amp;\ Stage/Inverse/REPO_2D/build/transfer</Value>
				</NamedMeasurement>
				<Measurement>
					<Value encoding="base64" compression="gzip">eJw1jTEKwzAQBPt7xZZ2m9LgLsoDBH6AsE7xQTiRk67x62ObeJuFYZml+R+Er6cuVZEd3ZK2wgZLWQ5awIrHE/eYKMQYljjhVd1UWuMdrhi4n9XYPyOKrJscjsxYqxZ5u10HRD9/riX/====</Value>
				</Measurement>
			</Results>
		</Test>
		<Test Status="passed">
			<Name>bad_param</Name>
			<Path>.</Path>
			<FullName>./bad_param</FullName>
			<FullCommandLine>/mnt/c/Users/Roussel/Dropbox/Unistra/SEMESTRE\ 2/Projet\ &amp;\ Stage/Inverse/REPO_2D/build/transfer "../src/config/test_2.cfg"</FullCommandLine>
			<Results>
				<NamedMeasurement type="text/string" name="Exit Code">
					<Value>Completed</Value>
				</NamedMeasurement>
				<NamedMeasurement type="text/string" name="Exit Value">
					<Value>1</Value>
				</NamedMeasurement>
				<NamedMeasurement type="numeric/double" name="Execution Time">
					<Value>0.070533</Value>
				</NamedMeasurement>
				<NamedMeasurement type="numeric/double" name="Processors">
					<Value>1</Value>
				</NamedMeasurement>
				<NamedMeasurement type="text/string" name="Completion Status">
					<Value>Completed</Value>
				</NamedMeasurement>
				<NamedMeasurement type="text/string" name="Command Line">
					<Value>/mnt/c/Users/Roussel/Dropbox/Unistra/SEMESTRE\ 2/Projet\ &amp;\ Stage/Inverse/REPO_2D/build/transfer "../src/config/test_2.cfg"</Value>
				</NamedMeasurement>
				<Measurement>
					<Value encoding="base64" compression="gzip">eJw1jrEKgjEQg/d7imz/VkScBDe7OUjBByjtVYt61WsPX98i/tkSPpLQ4S/4t8VRmyAbhkbphRUac51pAQu2R6ww0YnTMGVk7tht8Ioanzx0ukmmZtrhnAORD8Ffwh7nlUCV1EQMi8m9yUcW5LmGB6PUdKtzNfOskFKvpr9LRF9uSTaz====</Value>
				</Measurement>
			</Results>
		</Test>
		<Test Status="passed">
			<Name>unparsable</Name>
			<Path>.</Path>
			<FullName>./unparsable</FullName>
			<FullCommandLine>/mnt/c/Users/Roussel/Dropbox/Unistra/SEMESTRE\ 2/Projet\ &amp;\ Stage/Inverse/REPO_2D/build/transfer "../src/config/test_3.cfg"</FullCommandLine>
			<Results>
				<NamedMeasurement type="text/string" name="Exit Code">
					<Value>Completed</Value>
				</NamedMeasurement>
				<NamedMeasurement type="text/string" name="Exit Value">
					<Value>1</Value>
				</NamedMeasurement>
				<NamedMeasurement type="numeric/double" name="Execution Time">
					<Value>0.0598102</Value>
				</NamedMeasurement>
				<NamedMeasurement type="numeric/double" name="Processors">
					<Value>1</Value>
				</NamedMeasurement>
				<NamedMeasurement type="text/string" name="Completion Status">
					<Value>Completed</Value>
				</NamedMeasurement>
				<NamedMeasurement type="text/string" name="Command Line">
					<Value>/mnt/c/Users/Roussel/Dropbox/Unistra/SEMESTRE\ 2/Projet\ &amp;\ Stage/Inverse/REPO_2D/build/transfer "../src/config/test_3.cfg"</Value>
				</NamedMeasurement>
				<Measurement>
					<Value encoding="base64" compression="gzip">eJxNkMEKwjAQRO/5irkJgqWKlwqetJ5EpOBZQrK1gXaj20bq35tKi93TvGFYZlftx0H+CrpznmEDOtHcliQQbV10SxBjc8QUVupMpgtCsNRim+KpRTfUSaSYND5IiyRJoACsVpDKY4d++Rm5vzeOo5P+WfeR15NxmYMZYNR6pg/395xO52FjkmVK5UWR34odrlMtODaeOWBBz9bVnhew8UTUhNKZysVTLcXeXLpHkN8flPoCEvVNfQ==</Value>
				</Measurement>
			</Results>
		</Test>
		<EndDateTime>Jul 17 04:00 CEST</EndDateTime>
		<EndTestTime>1594951212</EndTestTime>
		<ElapsedMinutes>0</ElapsedMinutes>
	</Testing>
</Site>
